\BOOKMARK [1][-]{section.1}{Preface}{}% 1
\BOOKMARK [1][-]{section.2}{Environment\040Setup}{}% 2
\BOOKMARK [1][-]{section.3}{Experiment\040Result}{}% 3
\BOOKMARK [1][-]{section.4}{Comparative\040Analysis}{}% 4
\BOOKMARK [1][-]{section.5}{Conclusion}{}% 5
\BOOKMARK [1][-]{section.6}{Prospective}{}% 6
\BOOKMARK [1][-]{section.7}{Appendix}{}% 7
\BOOKMARK [2][-]{subsection.7.1}{WatDiv\040queries}{section.7}% 8
\BOOKMARK [3][-]{subsubsection.7.1.1}{C1.sql}{subsection.7.1}% 9
\BOOKMARK [3][-]{subsubsection.7.1.2}{C2.sql}{subsection.7.1}% 10
\BOOKMARK [3][-]{subsubsection.7.1.3}{C3.sql}{subsection.7.1}% 11
\BOOKMARK [3][-]{subsubsection.7.1.4}{F1.sql}{subsection.7.1}% 12
\BOOKMARK [3][-]{subsubsection.7.1.5}{F2.sql}{subsection.7.1}% 13
\BOOKMARK [3][-]{subsubsection.7.1.6}{F3.sql}{subsection.7.1}% 14
\BOOKMARK [3][-]{subsubsection.7.1.7}{L1.sql}{subsection.7.1}% 15
\BOOKMARK [3][-]{subsubsection.7.1.8}{L2.sql}{subsection.7.1}% 16
\BOOKMARK [3][-]{subsubsection.7.1.9}{L3.sql}{subsection.7.1}% 17
\BOOKMARK [3][-]{subsubsection.7.1.10}{S1.sql}{subsection.7.1}% 18
\BOOKMARK [3][-]{subsubsection.7.1.11}{S2.sql}{subsection.7.1}% 19
\BOOKMARK [3][-]{subsubsection.7.1.12}{S3.sql}{subsection.7.1}% 20
\BOOKMARK [2][-]{subsection.7.2}{LUBM\040queries}{section.7}% 21
\BOOKMARK [3][-]{subsubsection.7.2.1}{q0.sql}{subsection.7.2}% 22
\BOOKMARK [3][-]{subsubsection.7.2.2}{q1.sql}{subsection.7.2}% 23
\BOOKMARK [3][-]{subsubsection.7.2.3}{q2.sql}{subsection.7.2}% 24
\BOOKMARK [3][-]{subsubsection.7.2.4}{q3.sql}{subsection.7.2}% 25
\BOOKMARK [3][-]{subsubsection.7.2.5}{q4.sql}{subsection.7.2}% 26
\BOOKMARK [3][-]{subsubsection.7.2.6}{q5.sql}{subsection.7.2}% 27
\BOOKMARK [3][-]{subsubsection.7.2.7}{q6.sql}{subsection.7.2}% 28
\BOOKMARK [3][-]{subsubsection.7.2.8}{q7.sql}{subsection.7.2}% 29
\BOOKMARK [3][-]{subsubsection.7.2.9}{q8.sql}{subsection.7.2}% 30
\BOOKMARK [3][-]{subsubsection.7.2.10}{q9.sql}{subsection.7.2}% 31
\BOOKMARK [3][-]{subsubsection.7.2.11}{q10.sql}{subsection.7.2}% 32
\BOOKMARK [3][-]{subsubsection.7.2.12}{q11.sql}{subsection.7.2}% 33
\BOOKMARK [3][-]{subsubsection.7.2.13}{q12.sql}{subsection.7.2}% 34
\BOOKMARK [3][-]{subsubsection.7.2.14}{q13.sql}{subsection.7.2}% 35
\BOOKMARK [3][-]{subsubsection.7.2.15}{q14.sql}{subsection.7.2}% 36
\BOOKMARK [3][-]{subsubsection.7.2.16}{q15.sql}{subsection.7.2}% 37
\BOOKMARK [3][-]{subsubsection.7.2.17}{q16.sql}{subsection.7.2}% 38
\BOOKMARK [3][-]{subsubsection.7.2.18}{q17.sql}{subsection.7.2}% 39
\BOOKMARK [3][-]{subsubsection.7.2.19}{q18.sql}{subsection.7.2}% 40
\BOOKMARK [3][-]{subsubsection.7.2.20}{q19.sql}{subsection.7.2}% 41
\BOOKMARK [3][-]{subsubsection.7.2.21}{q20.sql}{subsection.7.2}% 42
\BOOKMARK [3][-]{subsubsection.7.2.22}{q21.sql}{subsection.7.2}% 43
\BOOKMARK [2][-]{subsection.7.3}{BSBM\040queries}{section.7}% 44
\BOOKMARK [3][-]{subsubsection.7.3.1}{self0.sql}{subsection.7.3}% 45
\BOOKMARK [3][-]{subsubsection.7.3.2}{self1.sql}{subsection.7.3}% 46
\BOOKMARK [3][-]{subsubsection.7.3.3}{self2.sql}{subsection.7.3}% 47
\BOOKMARK [3][-]{subsubsection.7.3.4}{self3.sql}{subsection.7.3}% 48
\BOOKMARK [3][-]{subsubsection.7.3.5}{self4.sql}{subsection.7.3}% 49
\BOOKMARK [3][-]{subsubsection.7.3.6}{self5.sql}{subsection.7.3}% 50
\BOOKMARK [3][-]{subsubsection.7.3.7}{self6.sql}{subsection.7.3}% 51
\BOOKMARK [3][-]{subsubsection.7.3.8}{self7.sql}{subsection.7.3}% 52
\BOOKMARK [3][-]{subsubsection.7.3.9}{self8.sql}{subsection.7.3}% 53
\BOOKMARK [3][-]{subsubsection.7.3.10}{self9.sql}{subsection.7.3}% 54
\BOOKMARK [2][-]{subsection.7.4}{DBpedia\040queries}{section.7}% 55
\BOOKMARK [3][-]{subsubsection.7.4.1}{q0.sql}{subsection.7.4}% 56
\BOOKMARK [3][-]{subsubsection.7.4.2}{q1.sql}{subsection.7.4}% 57
\BOOKMARK [3][-]{subsubsection.7.4.3}{q2.sql}{subsection.7.4}% 58
\BOOKMARK [3][-]{subsubsection.7.4.4}{q3.sql}{subsection.7.4}% 59
\BOOKMARK [3][-]{subsubsection.7.4.5}{q4.sql}{subsection.7.4}% 60
\BOOKMARK [3][-]{subsubsection.7.4.6}{q5.sql}{subsection.7.4}% 61
\BOOKMARK [3][-]{subsubsection.7.4.7}{q9.sql}{subsection.7.4}% 62
