\BOOKMARK [1][-]{section*.2}{Preface}{}% 1
\BOOKMARK [0][-]{part.1}{I\040Start}{}% 2
\BOOKMARK [1][-]{section*.3}{Chapter\04000:\040A\040Quick\040Tour}{part.1}% 3
\BOOKMARK [2][-]{section*.4}{Getting\040Started}{section*.3}% 4
\BOOKMARK [3][-]{section*.5}{Advanced\040Help}{section*.4}% 5
\BOOKMARK [3][-]{section*.6}{Other\040Business}{section*.4}% 6
\BOOKMARK [2][-]{section*.7}{Chapter\04001:\040System\040Requirements}{section*.3}% 7
\BOOKMARK [2][-]{section*.8}{Chapter\04002:\040Basic\040Introduction}{section*.3}% 8
\BOOKMARK [3][-]{section*.9}{What\040Is\040gStore}{section*.8}% 9
\BOOKMARK [3][-]{section*.10}{Why\040gStore}{section*.8}% 10
\BOOKMARK [3][-]{section*.11}{Open\040Source}{section*.8}% 11
\BOOKMARK [2][-]{section*.12}{Chapter\04003:\040Install\040Guide}{section*.3}% 12
\BOOKMARK [2][-]{section*.13}{Chapter\04004:\040How\040To\040Use}{section*.3}% 13
\BOOKMARK [3][-]{section*.14}{0.\040gconsole}{section*.13}% 14
\BOOKMARK [4][-]{section*.15}{1.\040gload}{section*.14}% 15
\BOOKMARK [4][-]{section*.16}{2.\040gquery}{section*.14}% 16
\BOOKMARK [4][-]{section*.17}{3.\040gserver}{section*.14}% 17
\BOOKMARK [4][-]{section*.18}{4.\040gclient}{section*.14}% 18
\BOOKMARK [4][-]{section*.19}{5.\040test\040utilities}{section*.14}% 19
\BOOKMARK [0][-]{part.2}{II\040Advanced}{}% 20
\BOOKMARK [1][-]{section*.20}{Chapter\04005:\040API\040Explanation}{part.2}% 21
\BOOKMARK [2][-]{section*.21}{Easy\040Examples}{section*.20}% 22
\BOOKMARK [3][-]{section*.22}{API\040structure}{section*.21}% 23
\BOOKMARK [3][-]{section*.23}{C++\040API}{section*.21}% 24
\BOOKMARK [4][-]{section*.24}{Interface}{section*.23}% 25
\BOOKMARK [4][-]{section*.25}{Compile}{section*.23}% 26
\BOOKMARK [3][-]{section*.26}{Java\040API}{section*.21}% 27
\BOOKMARK [4][-]{section*.27}{Interface}{section*.26}% 28
\BOOKMARK [4][-]{section*.28}{Compile}{section*.26}% 29
\BOOKMARK [2][-]{section*.29}{Chapter\04006:\040Project\040Structure}{section*.20}% 30
\BOOKMARK [3][-]{section*.30}{The\040core\040source\040codes\040are\040listed\040below:}{section*.29}% 31
\BOOKMARK [4][-]{section*.31}{The\040parser\040part\040is\040listed\040below:}{section*.30}% 32
\BOOKMARK [4][-]{section*.32}{The\040utilities\040are\040listed\040below:}{section*.30}% 33
\BOOKMARK [4][-]{section*.33}{The\040interface\040part\040is\040listed\040below:}{section*.30}% 34
\BOOKMARK [4][-]{section*.34}{More\040details}{section*.30}% 35
\BOOKMARK [4][-]{section*.35}{Others}{section*.30}% 36
\BOOKMARK [2][-]{section*.36}{Chapter\04007:\040Publications}{section*.20}% 37
\BOOKMARK [3][-]{section*.37}{Publications\040related\040with\040gStore\040are\040listed\040here:}{section*.36}% 38
\BOOKMARK [2][-]{section*.38}{Chapter\04008:\040Limitations}{section*.20}% 39
\BOOKMARK [2][-]{section*.39}{Chapter\04009:\040Frequently\040Asked\040Questions}{section*.20}% 40
\BOOKMARK [3][-]{section*.40}{When\040I\040use\040the\040newer\040gStore\040system\040to\040query\040the\040original\040database,\040why\040error?}{section*.39}% 41
\BOOKMARK [4][-]{section*.41}{Why\040error\040when\040I\040try\040to\040write\040programs\040based\040on\040gStore,\040just\040like\040the\040Main/gconsole.cpp?}{section*.40}% 42
\BOOKMARK [4][-]{section*.42}{Why\040does\040gStore\040report\040garbage\040collection\040failed\040error\040when\040I\040use\040teh\040Java\040API?}{section*.40}% 43
\BOOKMARK [4][-]{section*.43}{When\040I\040compile\040the\040code\040in\040ArchLinux,\040why\040the\040error\040that\040no\040-ltermcap\040is\040reported?}{section*.40}% 44
\BOOKMARK [4][-]{section*.44}{Why\040does\040gStore\040report\040errors\040that\040the\040format\040of\040some\040RDF\040datasets\040are\040not\040supported?}{section*.40}% 45
\BOOKMARK [4][-]{section*.45}{When\040I\040read\040on\040GitHub,\040why\040are\040some\040documents\040unable\040to\040be\040opened?}{section*.40}% 46
\BOOKMARK [4][-]{section*.46}{Why\040sometimes\040strange\040characters\040appear\040when\040I\040use\040gStore?}{section*.40}% 47
\BOOKMARK [4][-]{section*.47}{In\040centos7,\040if\040the\040watdiv.db\(a\040generated\040database\040after\040gload\)\040is\040copied\040or\040compressed/uncompressed,\040the\040size\040of\040watdiv.db\040will\040be\040different\(generally\040increasing\)\040if\040using\040du\040-h\040command\040to\040check?}{section*.40}% 48
\BOOKMARK [4][-]{section*.48}{In\040gclient\040console,\040a\040database\040is\040built,\040queried,\040and\040then\040I\040quit\040the\040console.\040Next\040time\040I\040enter\040the\040console,\040load\040the\040originally\040imported\040database,\040but\040no\040output\040for\040any\040queries\(originally\040the\040output\040is\040not\040empty\)?}{section*.40}% 49
\BOOKMARK [4][-]{section*.49}{If\040query\040results\040contain\040null\040value,\040how\040can\040I\040use\040the\040full_test\040utility?\040Tab\040separated\040method\040will\040cause\040problem\040here\040because\040null\040value\040cannot\040be\040checked!}{section*.40}% 50
\BOOKMARK [4][-]{section*.50}{When\040I\040compile\040and\040run\040the\040API\040examples,\040it\040reports\040the\040unable\040to\040connect\040to\040server\040error?}{section*.40}% 51
\BOOKMARK [4][-]{section*.51}{When\040I\040use\040the\040Java\040API\040to\040write\040my\040own\040program,\040it\040reports\040not\040found\040main\040class\040error?}{section*.40}% 52
\BOOKMARK [2][-]{section*.52}{Chapter\04010:\040Recipe\040Book}{section*.20}% 53
\BOOKMARK [0][-]{part.3}{III\040Others}{}% 54
\BOOKMARK [1][-]{section*.53}{Chapter\04011:\040Contributors}{part.3}% 55
\BOOKMARK [2][-]{section*.54}{Faculty}{section*.53}% 56
\BOOKMARK [3][-]{section*.55}{Students}{section*.54}% 57
\BOOKMARK [4][-]{section*.56}{Alumni}{section*.55}% 58
\BOOKMARK [2][-]{section*.57}{Chapter\04012:\040Updated\040Logs}{section*.53}% 59
\BOOKMARK [3][-]{section*.58}{Apr\04001,\0402016}{section*.57}% 60
\BOOKMARK [3][-]{section*.59}{Nov\04006,\0402015}{section*.57}% 61
\BOOKMARK [3][-]{section*.60}{Oct\04020,\0402015}{section*.57}% 62
\BOOKMARK [3][-]{section*.61}{Sep\04025,\0402015}{section*.57}% 63
\BOOKMARK [3][-]{section*.62}{Feb\0402,\0402015}{section*.57}% 64
\BOOKMARK [3][-]{section*.63}{Dec\04011,\0402014}{section*.57}% 65
\BOOKMARK [3][-]{section*.64}{Nov\04020,\0402014}{section*.57}% 66
\BOOKMARK [2][-]{section*.65}{Chapter\04013:\040Test\040Result}{section*.53}% 67
\BOOKMARK [3][-]{section*.66}{Preparation}{section*.65}% 68
\BOOKMARK [3][-]{section*.67}{Result}{section*.65}% 69
\BOOKMARK [2][-]{section*.68}{Chapter\04014:\040Future\040Plan}{section*.53}% 70
\BOOKMARK [3][-]{section*.69}{Improve\040The\040Core}{section*.68}% 71
\BOOKMARK [3][-]{section*.70}{Better\040The\040Interface}{section*.68}% 72
\BOOKMARK [3][-]{section*.71}{Idea\040Collection\040Box}{section*.68}% 73
\BOOKMARK [2][-]{section*.72}{Chapter\04015:\040Thanks\040List}{section*.53}% 74
\BOOKMARK [3][-]{section*.73}{GitHub\040user\040zhangxiaoyang\040\040https://github.com/zhangxiaoyang\040\0401.\040add\040python\040api\040\0402.\040fix\040logger\040message}{section*.72}% 75
\BOOKMARK [2][-]{section*.74}{Chapter\04016:\040Legal\040Issues}{section*.53}% 76
\BOOKMARK [1][-]{section*.75}{End}{part.3}% 77
